2023-04-02 21:15:21.421043 - Initialized conversion of CBT053
2023-04-02 21:15:22.740278 - Received CBT.V504.FILE053.PDS from FILE053.XMI 
2023-04-02 21:15:22.742678 - Found $.txt (text/plain) in CBT.V504.FILE053.PDS, moved to PDS/$
2023-04-02 21:15:22.743616 - Found $$$#DATE.txt (text/plain) in CBT.V504.FILE053.PDS, moved to PDS/$$$#DATE
2023-04-02 21:15:22.744551 - Found @FILE053.txt (text/plain) in CBT.V504.FILE053.PDS, moved to PDS/@FILE053
2023-04-02 21:15:22.746238 - Found ALLOCMOD.txt (text/plain) in CBT.V504.FILE053.PDS, moved to PDS/ALLOCMOD
2023-04-02 21:15:22.747307 - Found ASID.txt (text/plain) in CBT.V504.FILE053.PDS, moved to PDS/ASID
2023-04-02 21:15:22.748489 - Found CATLGTAP.txt (text/plain) in CBT.V504.FILE053.PDS, moved to PDS/CATLGTAP
2023-04-02 21:15:22.749454 - Found CATLIST.txt (text/plain) in CBT.V504.FILE053.PDS, moved to PDS/CATLIST
2023-04-02 21:15:22.750534 - Found CMDEX005.txt (text/plain) in CBT.V504.FILE053.PDS, moved to PDS/CMDEX005
2023-04-02 21:15:22.751623 - Found CMDEX255.txt (text/plain) in CBT.V504.FILE053.PDS, moved to PDS/CMDEX255
2023-04-02 21:15:22.752793 - Found CMPAPDX.txt (text/plain) in CBT.V504.FILE053.PDS, moved to PDS/CMPAPDX
2023-04-02 21:15:22.753888 - Found COMMAND.txt (text/plain) in CBT.V504.FILE053.PDS, moved to PDS/COMMAND
2023-04-02 21:15:22.754814 - Found DLXBLGE#.txt (text/plain) in CBT.V504.FILE053.PDS, moved to PDS/DLXBLGE#
2023-04-02 21:15:22.755838 - Found DLXBLGEN.txt (text/plain) in CBT.V504.FILE053.PDS, moved to PDS/DLXBLGEN
2023-04-02 21:15:22.756848 - Found DLXCICLG.txt (text/plain) in CBT.V504.FILE053.PDS, moved to PDS/DLXCICLG
2023-04-02 21:15:22.757810 - Found DLXCMD.txt (text/plain) in CBT.V504.FILE053.PDS, moved to PDS/DLXCMD
2023-04-02 21:15:22.758804 - Found DLXCMDUX.txt (text/plain) in CBT.V504.FILE053.PDS, moved to PDS/DLXCMDUX
2023-04-02 21:15:22.759693 - Found DLXEXTNT.txt (text/plain) in CBT.V504.FILE053.PDS, moved to PDS/DLXEXTNT
2023-04-02 21:15:22.760717 - Found DLXGENPW.txt (text/plain) in CBT.V504.FILE053.PDS, moved to PDS/DLXGENPW
2023-04-02 21:15:22.761710 - Found DLXJCTUP.txt (text/plain) in CBT.V504.FILE053.PDS, moved to PDS/DLXJCTUP
2023-04-02 21:15:22.762635 - Found DLXJOBS#.txt (text/plain) in CBT.V504.FILE053.PDS, moved to PDS/DLXJOBS#
2023-04-02 21:15:22.763992 - Found DLXJOBST.txt (text/plain) in CBT.V504.FILE053.PDS, moved to PDS/DLXJOBST
2023-04-02 21:15:22.765125 - Found DLXNALOC.txt (text/plain) in CBT.V504.FILE053.PDS, moved to PDS/DLXNALOC
2023-04-02 21:15:22.766261 - Found DLXNOTXT.txt (text/plain) in CBT.V504.FILE053.PDS, moved to PDS/DLXNOTXT
2023-04-02 21:15:22.767376 - Found DLXOFFL.txt (text/plain) in CBT.V504.FILE053.PDS, moved to PDS/DLXOFFL
2023-04-02 21:15:22.768663 - Found DLXPRIME.txt (text/plain) in CBT.V504.FILE053.PDS, moved to PDS/DLXPRIME
2023-04-02 21:15:22.769785 - Found DLXPUNCH.txt (text/plain) in CBT.V504.FILE053.PDS, moved to PDS/DLXPUNCH
2023-04-02 21:15:22.770825 - Found DLXRACCK.txt (text/plain) in CBT.V504.FILE053.PDS, moved to PDS/DLXRACCK
2023-04-02 21:15:22.772071 - Found DLXREBL#.txt (text/plain) in CBT.V504.FILE053.PDS, moved to PDS/DLXREBL#
2023-04-02 21:15:22.773115 - Found DLXREBLK.txt (text/plain) in CBT.V504.FILE053.PDS, moved to PDS/DLXREBLK
2023-04-02 21:15:22.774170 - Found DLXRFSCN.txt (text/plain) in CBT.V504.FILE053.PDS, moved to PDS/DLXRFSCN
2023-04-02 21:15:22.775158 - Found DLXRMTUX.txt (text/plain) in CBT.V504.FILE053.PDS, moved to PDS/DLXRMTUX
2023-04-02 21:15:22.776505 - Found DLXRTM.txt (text/plain) in CBT.V504.FILE053.PDS, moved to PDS/DLXRTM
2023-04-02 21:15:22.777637 - Found DLXSHARD.txt (text/plain) in CBT.V504.FILE053.PDS, moved to PDS/DLXSHARD
2023-04-02 21:15:22.778638 - Found DLXSYLOG.txt (text/plain) in CBT.V504.FILE053.PDS, moved to PDS/DLXSYLOG
2023-04-02 21:15:22.779883 - Found DLXTPLST.txt (text/plain) in CBT.V504.FILE053.PDS, moved to PDS/DLXTPLST
2023-04-02 21:15:22.781118 - Found DLXTRAN#.txt (text/plain) in CBT.V504.FILE053.PDS, moved to PDS/DLXTRAN#
2023-04-02 21:15:22.782160 - Found DLXTRANS.txt (text/plain) in CBT.V504.FILE053.PDS, moved to PDS/DLXTRANS
2023-04-02 21:15:22.783318 - Found DLXTRT.txt (text/plain) in CBT.V504.FILE053.PDS, moved to PDS/DLXTRT
2023-04-02 21:15:22.784359 - Found DLXTSO.txt (text/plain) in CBT.V504.FILE053.PDS, moved to PDS/DLXTSO
2023-04-02 21:15:22.785618 - Found DLXVVDS.txt (text/plain) in CBT.V504.FILE053.PDS, moved to PDS/DLXVVDS
2023-04-02 21:15:22.786973 - Found DLX3480.txt (text/plain) in CBT.V504.FILE053.PDS, moved to PDS/DLX3480
2023-04-02 21:15:22.788021 - Found DSATTR.txt (text/plain) in CBT.V504.FILE053.PDS, moved to PDS/DSATTR
2023-04-02 21:15:22.789148 - Found DSN3@ATH.txt (text/plain) in CBT.V504.FILE053.PDS, moved to PDS/DSN3@ATH
2023-04-02 21:15:22.790247 - Found DUDASD.txt (text/plain) in CBT.V504.FILE053.PDS, moved to PDS/DUDASD
2023-04-02 21:15:22.791331 - Found ENQ.txt (text/plain) in CBT.V504.FILE053.PDS, moved to PDS/ENQ
2023-04-02 21:15:22.792381 - Found EOIEX020.txt (text/plain) in CBT.V504.FILE053.PDS, moved to PDS/EOIEX020
2023-04-02 21:15:22.793582 - Found EXIMPORT.txt (text/plain) in CBT.V504.FILE053.PDS, moved to PDS/EXIMPORT
2023-04-02 21:15:22.794750 - Found FDRXPASS.txt (text/plain) in CBT.V504.FILE053.PDS, moved to PDS/FDRXPASS
2023-04-02 21:15:22.795797 - Found FOLDIT.txt (text/plain) in CBT.V504.FILE053.PDS, moved to PDS/FOLDIT
2023-04-02 21:15:22.796859 - Found GDATE.txt (text/plain) in CBT.V504.FILE053.PDS, moved to PDS/GDATE
2023-04-02 21:15:22.797886 - Found GENPW.txt (text/plain) in CBT.V504.FILE053.PDS, moved to PDS/GENPW
2023-04-02 21:15:22.798944 - Found HELPLIST.txt (text/plain) in CBT.V504.FILE053.PDS, moved to PDS/HELPLIST
2023-04-02 21:15:22.800077 - Found ICHAUTAB.txt (text/plain) in CBT.V504.FILE053.PDS, moved to PDS/ICHAUTAB
2023-04-02 21:15:22.801103 - Found ICHCNX00.txt (text/plain) in CBT.V504.FILE053.PDS, moved to PDS/ICHCNX00
2023-04-02 21:15:22.802074 - Found ICHRDSNT.txt (text/plain) in CBT.V504.FILE053.PDS, moved to PDS/ICHRDSNT
2023-04-02 21:15:22.802973 - Found ICHRDX01.txt (text/plain) in CBT.V504.FILE053.PDS, moved to PDS/ICHRDX01
2023-04-02 21:15:22.804041 - Found ICHRFR01.txt (text/plain) in CBT.V504.FILE053.PDS, moved to PDS/ICHRFR01
2023-04-02 21:15:22.804992 - Found ICHRIN03.txt (text/plain) in CBT.V504.FILE053.PDS, moved to PDS/ICHRIN03
2023-04-02 21:15:22.805004 - Found ICHRRCDE.bin containing application/octet-stream, moved to PDS/ICHRRCDE
2023-04-02 21:15:22.806868 - Found IDATMSTP.txt (text/plain) in CBT.V504.FILE053.PDS, moved to PDS/IDATMSTP
2023-04-02 21:15:22.807796 - Found IEAVMXIT.txt (text/plain) in CBT.V504.FILE053.PDS, moved to PDS/IEAVMXIT
2023-04-02 21:15:22.808749 - Found IEFACTRT.txt (text/plain) in CBT.V504.FILE053.PDS, moved to PDS/IEFACTRT
2023-04-02 21:15:22.810000 - Found IEFUJV.txt (text/plain) in CBT.V504.FILE053.PDS, moved to PDS/IEFUJV
2023-04-02 21:15:22.811271 - Found IEFUSI.txt (text/plain) in CBT.V504.FILE053.PDS, moved to PDS/IEFUSI
2023-04-02 21:15:22.812595 - Found IEFUTL.txt (text/plain) in CBT.V504.FILE053.PDS, moved to PDS/IEFUTL
2023-04-02 21:15:22.813874 - Found IEFU29.txt (text/plain) in CBT.V504.FILE053.PDS, moved to PDS/IEFU29
2023-04-02 21:15:22.815151 - Found IEFU29R.txt (text/plain) in CBT.V504.FILE053.PDS, moved to PDS/IEFU29R
2023-04-02 21:15:22.816386 - Found IGGPRE00.txt (text/plain) in CBT.V504.FILE053.PDS, moved to PDS/IGGPRE00
2023-04-02 21:15:22.817436 - Found IKJEFF10.txt (text/plain) in CBT.V504.FILE053.PDS, moved to PDS/IKJEFF10
2023-04-02 21:15:22.818525 - Found IKJEFF53.txt (text/plain) in CBT.V504.FILE053.PDS, moved to PDS/IKJEFF53
2023-04-02 21:15:22.819802 - Found IKJEFLD.txt (text/plain) in CBT.V504.FILE053.PDS, moved to PDS/IKJEFLD
2023-04-02 21:15:22.821243 - Found INMRZ01.txt (text/plain) in CBT.V504.FILE053.PDS, moved to PDS/INMRZ01
2023-04-02 21:15:22.822367 - Found INMRZ11.txt (text/plain) in CBT.V504.FILE053.PDS, moved to PDS/INMRZ11
2023-04-02 21:15:22.823645 - Found INMXZ01.txt (text/plain) in CBT.V504.FILE053.PDS, moved to PDS/INMXZ01
2023-04-02 21:15:22.824746 - Found JAFEX003.txt (text/plain) in CBT.V504.FILE053.PDS, moved to PDS/JAFEX003
2023-04-02 21:15:22.826243 - Found JCLEX004.txt (text/plain) in CBT.V504.FILE053.PDS, moved to PDS/JCLEX004
2023-04-02 21:15:22.827808 - Found JOBEX002.txt (text/plain) in CBT.V504.FILE053.PDS, moved to PDS/JOBEX002
2023-04-02 21:15:22.829033 - Found JOOEX009.txt (text/plain) in CBT.V504.FILE053.PDS, moved to PDS/JOOEX009
2023-04-02 21:15:22.830133 - Found LISTPASS.txt (text/plain) in CBT.V504.FILE053.PDS, moved to PDS/LISTPASS
2023-04-02 21:15:22.831279 - Found LISTSPC.txt (text/plain) in CBT.V504.FILE053.PDS, moved to PDS/LISTSPC
2023-04-02 21:15:22.832496 - Found LISTSPC#.txt (text/plain) in CBT.V504.FILE053.PDS, moved to PDS/LISTSPC#
2023-04-02 21:15:22.833661 - Found LISTVOL.txt (text/plain) in CBT.V504.FILE053.PDS, moved to PDS/LISTVOL
2023-04-02 21:15:22.834920 - Found LISTVOL#.txt (text/plain) in CBT.V504.FILE053.PDS, moved to PDS/LISTVOL#
2023-04-02 21:15:22.836027 - Found LOCATE.txt (text/plain) in CBT.V504.FILE053.PDS, moved to PDS/LOCATE
2023-04-02 21:15:22.837118 - Found LOCINDEX.txt (text/plain) in CBT.V504.FILE053.PDS, moved to PDS/LOCINDEX
2023-04-02 21:15:22.838129 - Found LSPACE.txt (text/plain) in CBT.V504.FILE053.PDS, moved to PDS/LSPACE
2023-04-02 21:15:22.839113 - Found LSPACE#.txt (text/plain) in CBT.V504.FILE053.PDS, moved to PDS/LSPACE#
2023-04-02 21:15:22.840384 - Found LXD0007.txt (text/plain) in CBT.V504.FILE053.PDS, moved to PDS/LXD0007
2023-04-02 21:15:22.841405 - Found LXD0010.txt (text/plain) in CBT.V504.FILE053.PDS, moved to PDS/LXD0010
2023-04-02 21:15:22.842326 - Found LXD0014.txt (text/plain) in CBT.V504.FILE053.PDS, moved to PDS/LXD0014
2023-04-02 21:15:22.843514 - Found LXD0032.txt (text/plain) in CBT.V504.FILE053.PDS, moved to PDS/LXD0032
2023-04-02 21:15:22.844615 - Found PFKCARDS.txt (text/plain) in CBT.V504.FILE053.PDS, moved to PDS/PFKCARDS
2023-04-02 21:15:22.845666 - Found PHONBRWS.txt (text/plain) in CBT.V504.FILE053.PDS, moved to PDS/PHONBRWS
2023-04-02 21:15:22.846769 - Found PHONDUMP.txt (text/plain) in CBT.V504.FILE053.PDS, moved to PDS/PHONDUMP
2023-04-02 21:15:22.847839 - Found PHONEDIT.txt (text/plain) in CBT.V504.FILE053.PDS, moved to PDS/PHONEDIT
2023-04-02 21:15:22.849027 - Found PHONINQ.txt (text/plain) in CBT.V504.FILE053.PDS, moved to PDS/PHONINQ
2023-04-02 21:15:22.850351 - Found PHONLOAD.txt (text/plain) in CBT.V504.FILE053.PDS, moved to PDS/PHONLOAD
2023-04-02 21:15:22.851583 - Found RACFSEQ.txt (text/plain) in CBT.V504.FILE053.PDS, moved to PDS/RACFSEQ
2023-04-02 21:15:22.852648 - Found RACFSEQ#.txt (text/plain) in CBT.V504.FILE053.PDS, moved to PDS/RACFSEQ#
2023-04-02 21:15:22.853946 - Found RACFULST.txt (text/plain) in CBT.V504.FILE053.PDS, moved to PDS/RACFULST
2023-04-02 21:15:22.855148 - Found RMTEX254.txt (text/plain) in CBT.V504.FILE053.PDS, moved to PDS/RMTEX254
2023-04-02 21:15:22.856440 - Found SEPEXT01.txt (text/plain) in CBT.V504.FILE053.PDS, moved to PDS/SEPEXT01
2023-04-02 21:15:22.857737 - Found SLSSKEYW.txt (text/plain) in CBT.V504.FILE053.PDS, moved to PDS/SLSSKEYW
2023-04-02 21:15:22.858926 - Found SLSSMAIN.txt (text/plain) in CBT.V504.FILE053.PDS, moved to PDS/SLSSMAIN
2023-04-02 21:15:22.860272 - Found SLSSSCAN.txt (text/plain) in CBT.V504.FILE053.PDS, moved to PDS/SLSSSCAN
2023-04-02 21:15:22.861623 - Found SLSSSUBL.txt (text/plain) in CBT.V504.FILE053.PDS, moved to PDS/SLSSSUBL
2023-04-02 21:15:22.862860 - Found SLSSVEFY.txt (text/plain) in CBT.V504.FILE053.PDS, moved to PDS/SLSSVEFY
2023-04-02 21:15:22.864118 - Found SMFSEL.txt (text/plain) in CBT.V504.FILE053.PDS, moved to PDS/SMFSEL
2023-04-02 21:15:22.865283 - Found SYSTEM.txt (text/plain) in CBT.V504.FILE053.PDS, moved to PDS/SYSTEM
2023-04-02 21:15:22.866400 - Found TMCTABC.txt (text/plain) in CBT.V504.FILE053.PDS, moved to PDS/TMCTABC
2023-04-02 21:15:22.867481 - Found TMCTAB0.txt (text/plain) in CBT.V504.FILE053.PDS, moved to PDS/TMCTAB0
2023-04-02 21:15:22.868565 - Found TMCTAB1.txt (text/plain) in CBT.V504.FILE053.PDS, moved to PDS/TMCTAB1
2023-04-02 21:15:22.869696 - Found TMCTAB2.txt (text/plain) in CBT.V504.FILE053.PDS, moved to PDS/TMCTAB2
2023-04-02 21:15:22.870736 - Found TMCTAB3.txt (text/plain) in CBT.V504.FILE053.PDS, moved to PDS/TMCTAB3
2023-04-02 21:15:22.871780 - Found TXTEX006.txt (text/plain) in CBT.V504.FILE053.PDS, moved to PDS/TXTEX006
2023-04-02 21:15:22.872955 - Found UCS4245.txt (text/plain) in CBT.V504.FILE053.PDS, moved to PDS/UCS4245
2023-04-02 21:15:22.874087 - Found UNITMAP.txt (text/plain) in CBT.V504.FILE053.PDS, moved to PDS/UNITMAP
2023-04-02 21:15:22.875258 - Found UNTMAP#1.txt (text/plain) in CBT.V504.FILE053.PDS, moved to PDS/UNTMAP#1
2023-04-02 21:15:22.876388 - Found USERLIST.txt (text/plain) in CBT.V504.FILE053.PDS, moved to PDS/USERLIST
2023-04-02 21:15:22.877545 - Found USRADD1.txt (text/plain) in CBT.V504.FILE053.PDS, moved to PDS/USRADD1
2023-04-02 21:15:22.878769 - Found USRBROWS.txt (text/plain) in CBT.V504.FILE053.PDS, moved to PDS/USRBROWS
2023-04-02 21:15:22.879928 - Found USRDEL1.txt (text/plain) in CBT.V504.FILE053.PDS, moved to PDS/USRDEL1
2023-04-02 21:15:22.880929 - Found USRDEL2.txt (text/plain) in CBT.V504.FILE053.PDS, moved to PDS/USRDEL2
2023-04-02 21:15:22.882039 - Found USRDEL3.txt (text/plain) in CBT.V504.FILE053.PDS, moved to PDS/USRDEL3
2023-04-02 21:15:22.883130 - Found USRINQ.txt (text/plain) in CBT.V504.FILE053.PDS, moved to PDS/USRINQ
2023-04-02 21:15:22.884554 - Found USRNCCF.txt (text/plain) in CBT.V504.FILE053.PDS, moved to PDS/USRNCCF
2023-04-02 21:15:22.885789 - Found USRUPD1.txt (text/plain) in CBT.V504.FILE053.PDS, moved to PDS/USRUPD1
2023-04-02 21:15:22.886880 - Found USRUPD2.txt (text/plain) in CBT.V504.FILE053.PDS, moved to PDS/USRUPD2
2023-04-02 21:15:22.888144 - Found USRUPD3.txt (text/plain) in CBT.V504.FILE053.PDS, moved to PDS/USRUPD3
2023-04-02 21:15:22.889254 - Found VFYGROUP.txt (text/plain) in CBT.V504.FILE053.PDS, moved to PDS/VFYGROUP
2023-04-02 21:15:22.890320 - Found WHERE.txt (text/plain) in CBT.V504.FILE053.PDS, moved to PDS/WHERE
2023-04-02 21:15:22.891500 - Found WHERE#1.txt (text/plain) in CBT.V504.FILE053.PDS, moved to PDS/WHERE#1
2023-04-02 21:15:22.892687 - Found XRXALLOC.txt (text/plain) in CBT.V504.FILE053.PDS, moved to PDS/XRXALLOC
